<?xml version="1.0" encoding="UTF-8"?>
<!-- Generated by org.testng.reporters.JUnitXMLReporter -->
<testsuite hostname="tringappsadmin-Vostro-3558" ignored="0" name="Regression Test Suite" tests="5" failures="0" timestamp="11 Jan 2018 10:08:07 GMT" time="4.773" errors="0">
  <testcase name="RetrieveEventDetails" time="2.189" classname="services.Service"/>
  <testcase name="RetrieveServiceDetails" time="0.754" classname="services.Service"/>
  <testcase name="retrieveResidentDetails" time="0.432" classname="services.Service"/>
  <testcase name="RetrieveZoneDetails" time="0.617" classname="services.Service"/>
  <testcase name="login" time="0.734" classname="services.Service"/>
</testsuite> <!-- Regression Test Suite -->
