<?xml version="1.0" encoding="UTF-8"?>
<!-- Generated by org.testng.reporters.JUnitXMLReporter -->
<testsuite hostname="tringappsadmin-Vostro-3558" ignored="0" name="URLoop API Test Suite" tests="8" failures="0" timestamp="11 Jan 2018 10:46:44 GMT" time="2.82" errors="0">
  <testcase name="login" time="2.074" classname="services.Service"/>
  <testcase name="RetrieveZoneDetails" time="0.083" classname="services.Service"/>
  <testcase name="RetrieveEventDetails" time="0.095" classname="services.Service"/>
  <testcase name="RetrieveServiceDetails" time="0.083" classname="services.Service"/>
  <testcase name="retrieveResidentDetails" time="0.074" classname="services.Service"/>
  <testcase name="retrieveUnassignedServices" time="0.091" classname="services.Service"/>
  <testcase name="retrieveStaffDetails" time="0.088" classname="services.Service"/>
  <testcase name="retrievelocDetails_Settings" time="0.171" classname="services.Service"/>
</testsuite> <!-- URLoop API Test Suite -->
